  Event.cpp
  Entity.cpp
  Mesh.cpp
  Shader.cpp
  bxContext.cpp
C:\Program Files (x86)\Windows Kits\10\Include\10.0.18362.0\shared\minwindef.h(130,1): warning C4005: 'APIENTRY': macro redefinition
  bxProgram.cpp
C:\dev\BlackBox\BlackBox_Engine\lib\glfw\include\GLFW\glfw3.h(98): message : see previous definition of 'APIENTRY'
C:\Program Files (x86)\Windows Kits\10\Include\10.0.18362.0\shared\minwindef.h(130,1): warning C4005: 'APIENTRY': macro redefinition
  Log.cpp
  EntryPoint.cpp
C:\dev\BlackBox\BlackBox_Engine\lib\glfw\include\GLFW\glfw3.h(98): message : see previous definition of 'APIENTRY'
C:\Program Files (x86)\Windows Kits\10\Include\10.0.18362.0\shared\minwindef.h(130,1): warning C4005: 'APIENTRY': macro redefinition
  Texture.cpp
C:\dev\BlackBox\BlackBox_Engine\lib\glfw\include\GLFW\glfw3.h(98): message : see previous definition of 'APIENTRY'
  glad.c
C:\Program Files (x86)\Windows Kits\10\Include\10.0.18362.0\shared\minwindef.h(130,1): warning C4005: 'APIENTRY': macro redefinition
C:\dev\BlackBox\BlackBox_Engine\lib\glad\include\glad\glad.h(32): message : see previous definition of 'APIENTRY'
LINK : warning LNK4098: defaultlib 'LIBCMT' conflicts with use of other libs; use /NODEFAULTLIB:library
  Generating code
  Compiler version has changed, fall back to full compilation.
  All 2610 functions were compiled because no usable IPDB/IOBJ from previous compilation was found.
  Finished generating code
glew32s.lib(glew.obj) : warning LNK4099: PDB 'vc120.pdb' was not found with 'glew32s.lib(glew.obj)' or at 'C:\dev\BlackBox\x64\Release\vc120.pdb'; linking object as if no debug info
  BlackBox_Engine.vcxproj -> C:\dev\BlackBox\x64\Release\BlackBox_Engine.exe
