c:\dev\blackbox\x64\release\blackbox_engine.ipdb
c:\dev\blackbox\x64\release\blackbox_engine.iobj
c:\dev\blackbox\blackbox_engine\x64\release\vc142.pdb
c:\dev\blackbox\blackbox_engine\x64\release\log.obj
c:\dev\blackbox\blackbox_engine\x64\release\texture.obj
c:\dev\blackbox\blackbox_engine\x64\release\shader.obj
c:\dev\blackbox\blackbox_engine\x64\release\entrypoint.obj
c:\dev\blackbox\blackbox_engine\x64\release\program.obj
c:\dev\blackbox\blackbox_engine\x64\release\bxcontext.obj
c:\dev\blackbox\blackbox_engine\x64\release\bxprogram.obj
c:\dev\blackbox\x64\release\blackbox_engine.exe
c:\dev\blackbox\x64\release\blackbox_engine.pdb
c:\dev\blackbox\blackbox_engine\x64\release\context.obj
c:\dev\blackbox\blackbox_engine\x64\release\blackbox_engine.tlog\blackbox_engine.write.1u.tlog
c:\dev\blackbox\blackbox_engine\x64\release\blackbox_engine.tlog\cl.command.1.tlog
c:\dev\blackbox\blackbox_engine\x64\release\blackbox_engine.tlog\cl.read.1.tlog
c:\dev\blackbox\blackbox_engine\x64\release\blackbox_engine.tlog\cl.write.1.tlog
c:\dev\blackbox\blackbox_engine\x64\release\blackbox_engine.tlog\link.command.1.tlog
c:\dev\blackbox\blackbox_engine\x64\release\blackbox_engine.tlog\link.delete.1.tlog
c:\dev\blackbox\blackbox_engine\x64\release\blackbox_engine.tlog\link.read.1.tlog
c:\dev\blackbox\blackbox_engine\x64\release\blackbox_engine.tlog\link.write.1.tlog
